2014-11-10 11:34:07.326 CameraPOC[3830:191021] DiskCookieStorage changing policy from 2 to 0, cookie file: file:///Users/johnfriedman/Library/Developer/CoreSimulator/Devices/2CE27A98-2F65-4D94-A157-1655F41306DD/data/Containers/Data/Application/6AF5AD0F-E14E-4A21-8BBF-706B5EBE9FC8/Library/Cookies/Cookies.binarycookies
2014-11-10 11:34:07.428 CameraPOC[3830:191021] Apache Cordova native platform version 3.6.3 is starting.
2014-11-10 11:34:07.428 CameraPOC[3830:191021] Multi-tasking -> Device: YES, App: YES
2014-11-10 11:34:07.448 CameraPOC[3830:191021] Unlimited access to network resources
2014-11-10 11:34:07.452 CameraPOC[3830:191021] 

Started backup to iCloud! Please be careful.
Your application might be rejected by Apple if you store too much data.
For more information please read "iOS Data Storage Guidelines" at:
https://developer.apple.com/icloud/documentation/data-storage/

2014-11-10 11:34:08.480 CameraPOC[3830:191021] Resetting plugins due to page load.
2014-11-10 11:34:08.575 CameraPOC[3830:191021] Finished load of: file:///Users/johnfriedman/Library/Developer/CoreSimulator/Devices/2CE27A98-2F65-4D94-A157-1655F41306DD/data/Containers/Bundle/Application/BBC081A3-CDF4-4241-BA77-9720F6D8D242/CameraPOC.app/www/index.html
2014-11-10 11:45:05.252 CameraPOC[4051:195580] DiskCookieStorage changing policy from 2 to 0, cookie file: file:///Users/johnfriedman/Library/Developer/CoreSimulator/Devices/2CE27A98-2F65-4D94-A157-1655F41306DD/data/Containers/Data/Application/7AF86FE3-14D2-4023-A099-6E4BE8301E22/Library/Cookies/Cookies.binarycookies
2014-11-10 11:45:05.334 CameraPOC[4051:195580] Apache Cordova native platform version 3.6.3 is starting.
2014-11-10 11:45:05.335 CameraPOC[4051:195580] Multi-tasking -> Device: YES, App: YES
2014-11-10 11:45:05.339 CameraPOC[4051:195580] Unlimited access to network resources
2014-11-10 11:45:05.341 CameraPOC[4051:195580] 

Started backup to iCloud! Please be careful.
Your application might be rejected by Apple if you store too much data.
For more information please read "iOS Data Storage Guidelines" at:
https://developer.apple.com/icloud/documentation/data-storage/

2014-11-10 11:45:05.551 CameraPOC[4051:195580] Resetting plugins due to page load.
2014-11-10 11:45:05.599 CameraPOC[4051:195580] Finished load of: file:///Users/johnfriedman/Library/Developer/CoreSimulator/Devices/2CE27A98-2F65-4D94-A157-1655F41306DD/data/Containers/Bundle/Application/1B37EF68-C36C-4811-9ADE-DACE331BD38A/CameraPOC.app/www/index.html
